build/app/outputs/mapping/release/seeds.txt
com.haha.yourhabits.MainActivity
com.haha.yourhabits.MainActivity: MainActivity()
...
android.support.v4.media.session.MediaSessionCompat$QueueItem
android.support.v4.media.MediaBrowserCompat$MediaItem
androidx.window.embedding.MatcherUtils
androidx.core.app.RemoteActionCompatParcelizer
androidx.window.layout.FoldingFeature$Orientation
android.support.v4.media.MediaBrowserCompat$ItemReceiver
androidx.media2.common.MediaItemParcelizer
androidx.media2.session.SessionCommand
androidx.window.layout.WindowInfoTracker$Companion
android.support.v4.media.session.MediaControllerCompat$MediaControllerImplApi21$ExtraBinderRequestResultReceiver
androidx.activity.result.ActivityResultRegistry$1
androidx.media2.common.SessionPlayer$TrackInfo
androidx.window.embedding.EmbeddingInterfaceCompat$EmbeddingCallbackInterface
androidx.appcompat.widget.AlertDialogLayout
androidx.window.R$id
androidx.media2.session.MediaController$PlaybackInfo
androidx.window.layout.FoldingFeature
androidx.window.layout.WindowInfoTrackerImpl$windowLayoutInfo$1
io.flutter.embedding.engine.mutatorsstack.FlutterMutatorsStack
androidx.window.layout.SidecarCompat$FirstAttachAdapter
androidx.media2.session.ConnectionRequest
androidx.window.layout.SidecarWindowBackend$ExtensionListenerImpl
androidx.appcompat.view.menu.ListMenuItemView
com.google.android.exoplayer2.source.dash.DashMediaSource$Factory
androidx.window.embedding.ActivityRule
androidx.window.core.ExperimentalWindowApi
me.carda.awesome_notifications.DartScheduledNotificationReceiver
androidx.window.embedding.EmptyEmbeddingComponent
androidx.window.core.Version$Companion
androidx.window.layout.SidecarWindowBackend
androidx.window.layout.ExtensionsWindowLayoutInfoAdapter
androidx.core.graphics.drawable.IconCompat
io.flutter.plugins.urllauncher.WebViewActivity
androidx.window.java.layout.WindowInfoTrackerCallbackAdapter$addListener$1$1$invokeSuspend$$inlined$collect$1
androidx.media2.session.LibraryParamsParcelizer
me.carda.awesome_notifications.DartNotificationActionReceiver
me.leolin.shortcutbadger.impl.DefaultBadger
androidx.window.layout.SidecarCompat$DistinctElementCallback
me.leolin.shortcutbadger.impl.NewHtcHomeBadger
androidx.media2.session.SessionResult
androidx.media2.common.MediaMetadata$BitmapEntry
androidx.window.layout.SidecarAdapter$Companion
androidx.window.java.layout.WindowInfoTrackerCallbackAdapter
androidx.window.core.Version
androidx.lifecycle.LiveData$LifecycleBoundObserver
androidx.window.layout.WindowBackend
androidx.media.AudioAttributesCompatParcelizer
androidx.appcompat.widget.ActionBarOverlayLayout
androidx.window.embedding.ActivityFilter
androidx.startup.InitializationProvider
androidx.window.layout.ExtensionWindowLayoutInfoBackend
me.carda.awesome_notifications.DartDismissedNotificationReceiver
me.carda.awesome_notifications.DartRefreshSchedulesReceiver
androidx.window.layout.WindowInfoTrackerImpl
me.leolin.shortcutbadger.impl.NovaHomeBadger
androidx.media2.common.Rating
androidx.media2.session.HeartRatingParcelizer
androidx.media.AudioAttributesImplBase
androidx.window.layout.ActivityCompatHelperApi24
androidx.window.embedding.SplitController
androidx.media2.session.ThumbRatingParcelizer
androidx.window.embedding.SplitInfo
androidx.appcompat.widget.ActionBarContainer
android.support.v4.media.AudioAttributesCompatParcelizer
androidx.window.layout.HardwareFoldingFeature$Companion
androidx.window.layout.WindowInfoTrackerDecorator
androidx.window.embedding.ExtensionEmbeddingBackend$Companion
android.support.v4.media.MediaMetadataCompat
androidx.activity.ComponentActivity$4
androidx.media2.session.HeartRating
androidx.media2.common.FileMediaItem
androidx.window.layout.FoldingFeature$OcclusionType$Companion
androidx.window.embedding.SplitPairFilter
androidx.activity.ImmLeaksCleaner
android.support.v4.media.MediaDescriptionCompat
androidx.media.AudioAttributesImplApi21
androidx.window.layout.ExtensionInterfaceCompat$ExtensionCallbackInterface
androidx.window.layout.FoldingFeature$State
androidx.media2.session.SessionTokenImplLegacyParcelizer