build/app/outputs/mapping/release/mapping.txt
# compiler: R8
# compiler_version: 3.1.66
# min_api: 21
# pg_map_id: c30910d
# common_typos_disable
# {"id":"com.android.tools.r8.mapping","version":"1.0"}
...
io.flutter.plugin.common.EventChannel$EventSink -> k3.d$b:
    void error(java.lang.String,java.lang.String,java.lang.Object) -> a
    void success(java.lang.Object) -> b
    void endOfStream() -> c
io.flutter.plugin.common.EventChannel$IncomingStreamRequestHandler -> k3.d$c:
    io.flutter.plugin.common.EventChannel this$0 -> c
    java.util.concurrent.atomic.AtomicReference activeSink -> b
    io.flutter.plugin.common.EventChannel$StreamHandler handler -> a
    void onMessage(java.nio.ByteBuffer,io.flutter.plugin.common.BinaryMessenger$BinaryReply) -> a
    java.util.concurrent.atomic.AtomicReference access$300(io.flutter.plugin.common.EventChannel$IncomingStreamRequestHandler) -> b
    void onCancel(java.lang.Object,io.flutter.plugin.common.BinaryMessenger$BinaryReply) -> c
    void onListen(java.lang.Object,io.flutter.plugin.common.BinaryMessenger$BinaryReply) -> d
io.flutter.plugin.common.EventChannel$IncomingStreamRequestHandler$EventSinkImplementation -> k3.d$c$a:
    io.flutter.plugin.common.EventChannel$IncomingStreamRequestHandler this$1 -> b
    java.util.concurrent.atomic.AtomicBoolean hasEnded -> a
    void error(java.lang.String,java.lang.String,java.lang.Object) -> a
    void success(java.lang.Object) -> b
    void endOfStream() -> c
io.flutter.plugin.common.EventChannel$StreamHandler -> k3.d$d:
    void onCancel(java.lang.Object) -> a
    void onListen(java.lang.Object,io.flutter.plugin.common.EventChannel$EventSink) -> b
io.flutter.plugin.common.FlutterException -> k3.e:
    java.lang.String code -> f
    java.lang.Object details -> g
io.flutter.plugin.common.JSONMessageCodec -> k3.f:
    io.flutter.plugin.common.JSONMessageCodec INSTANCE -> a
    java.nio.ByteBuffer encodeMessage(java.lang.Object) -> a
    java.lang.Object decodeMessage(java.nio.ByteBuffer) -> b
io.flutter.plugin.common.JSONMethodCodec -> k3.g:
    io.flutter.plugin.common.JSONMethodCodec INSTANCE -> a
    java.nio.ByteBuffer encodeSuccessEnvelope(java.lang.Object) -> a
    java.nio.ByteBuffer encodeErrorEnvelopeWithStacktrace(java.lang.String,java.lang.String,java.lang.Object,java.lang.String) -> b
    java.nio.ByteBuffer encodeErrorEnvelope(java.lang.String,java.lang.String,java.lang.Object) -> c
    io.flutter.plugin.common.MethodCall decodeMethodCall(java.nio.ByteBuffer) -> d
    java.lang.Object decodeEnvelope(java.nio.ByteBuffer) -> e
    java.nio.ByteBuffer encodeMethodCall(io.flutter.plugin.common.MethodCall) -> f
    java.lang.Object unwrapNull(java.lang.Object) -> g
io.flutter.plugin.common.JSONUtil -> k3.h:
    java.lang.Object wrap(java.lang.Object) -> a
io.flutter.plugin.common.MessageCodec -> k3.i:
    java.nio.ByteBuffer encodeMessage(java.lang.Object) -> a
    java.lang.Object decodeMessage(java.nio.ByteBuffer) -> b
io.flutter.plugin.common.MethodCall -> k3.j:
    java.lang.Object arguments -> b
    java.lang.String method -> a
    java.lang.Object argument(java.lang.String) -> a
    java.lang.Object arguments() -> b
    boolean hasArgument(java.lang.String) -> c
io.flutter.plugin.common.MethodChannel -> k3.k:
    io.flutter.plugin.common.MethodCodec codec -> c
    io.flutter.plugin.common.BinaryMessenger$TaskQueue taskQueue -> d
    io.flutter.plugin.common.BinaryMessenger messenger -> a
    java.lang.String name -> b
    io.flutter.plugin.common.MethodCodec access$000(io.flutter.plugin.common.MethodChannel) -> a
    java.lang.String access$100(io.flutter.plugin.common.MethodChannel) -> b
    void invokeMethod(java.lang.String,java.lang.Object) -> c
    void invokeMethod(java.lang.String,java.lang.Object,io.flutter.plugin.common.MethodChannel$Result) -> d
    void setMethodCallHandler(io.flutter.plugin.common.MethodChannel$MethodCallHandler) -> e