build/app/outputs/mapping/release/usage.txt
com.haha.yourhabits.BuildConfig
com.haha.yourhabits.R$anim
com.haha.yourhabits.R$animator
com.haha.yourhabits.R$attr
com.haha.yourhabits.R$bool
com.haha.yourhabits.R$color
com.haha.yourhabits.R$dimen
com.haha.yourhabits.R$drawable
com.haha.yourhabits.R$id
com.haha.yourhabits.R$integer
com.haha.yourhabits.R$interpolator
com.haha.yourhabits.R$layout
com.haha.yourhabits.R$mipmap
com.haha.yourhabits.R$raw
com.haha.yourhabits.R$string
com.haha.yourhabits.R$style
com.haha.yourhabits.R$styleable
com.haha.yourhabits.R
...
com.google.common.collect.SortedLists$1
com.google.common.collect.SortedLists$KeyAbsentBehavior$1
com.google.common.collect.SortedLists$KeyAbsentBehavior$2
com.google.common.collect.SortedLists$KeyAbsentBehavior$3
com.google.common.collect.SortedLists$KeyAbsentBehavior
com.google.common.collect.SortedLists$KeyPresentBehavior$1
com.google.common.collect.SortedLists$KeyPresentBehavior$2
com.google.common.collect.SortedLists$KeyPresentBehavior$3
com.google.common.collect.SortedLists$KeyPresentBehavior$4
com.google.common.collect.SortedLists$KeyPresentBehavior$5
com.google.common.collect.SortedLists$KeyPresentBehavior
com.google.common.collect.SortedLists
com.google.common.collect.SortedMapDifference$-CC
com.google.common.collect.SortedMapDifference
com.google.common.collect.SortedMultiset$-CC
com.google.common.collect.SortedMultiset
com.google.common.collect.SortedMultisetBridge$-CC
com.google.common.collect.SortedMultisetBridge
com.google.common.collect.SortedMultisets$ElementSet
com.google.common.collect.SortedMultisets$NavigableElementSet
com.google.common.collect.SortedMultisets
com.google.common.collect.SortedSetMultimap$-CC
com.google.common.collect.SortedSetMultimap
com.google.common.collect.SparseImmutableTable
com.google.common.collect.StandardRowSortedTable$1
com.google.common.collect.StandardRowSortedTable$RowSortedMap
com.google.common.collect.StandardRowSortedTable
com.google.common.collect.StandardTable$1
com.google.common.collect.StandardTable$CellIterator
com.google.common.collect.StandardTable$Column$EntrySet
com.google.common.collect.StandardTable$Column$EntrySetIterator$1EntryImpl
com.google.common.collect.StandardTable$Column$EntrySetIterator
com.google.common.collect.StandardTable$Column$KeySet
com.google.common.collect.StandardTable$Column$Values
com.google.common.collect.StandardTable$Column
com.google.common.collect.StandardTable$ColumnKeyIterator
com.google.common.collect.StandardTable$ColumnKeySet
com.google.common.collect.StandardTable$ColumnMap$ColumnMapEntrySet$1
com.google.common.collect.StandardTable$ColumnMap$ColumnMapEntrySet
com.google.common.collect.StandardTable$ColumnMap$ColumnMapValues
com.google.common.collect.StandardTable$ColumnMap
com.google.common.collect.StandardTable$Row$1
com.google.common.collect.StandardTable$Row$2
com.google.common.collect.StandardTable$Row
com.google.common.collect.StandardTable$RowMap$EntrySet$1
com.google.common.collect.StandardTable$RowMap$EntrySet
com.google.common.collect.StandardTable$RowMap
com.google.common.collect.StandardTable$TableSet
com.google.common.collect.StandardTable
com.google.common.collect.Synchronized$1
com.google.common.collect.Synchronized$SynchronizedAsMap
com.google.common.collect.Synchronized$SynchronizedAsMapEntries$1$1
com.google.common.collect.Synchronized$SynchronizedAsMapEntries$1
com.google.common.collect.Synchronized$SynchronizedAsMapEntries
com.google.common.collect.Synchronized$SynchronizedAsMapValues$1
com.google.common.collect.Synchronized$SynchronizedAsMapValues
com.google.common.collect.Synchronized$SynchronizedBiMap
com.google.common.collect.Synchronized$SynchronizedCollection
com.google.common.collect.Synchronized$SynchronizedDeque
com.google.common.collect.Synchronized$SynchronizedEntry
com.google.common.collect.Synchronized$SynchronizedList
com.google.common.collect.Synchronized$SynchronizedListMultimap
com.google.common.collect.Synchronized$SynchronizedMap
com.google.common.collect.Synchronized$SynchronizedMultimap
com.google.common.collect.Synchronized$SynchronizedMultiset
com.google.common.collect.Synchronized$SynchronizedNavigableMap
com.google.common.collect.Synchronized$SynchronizedNavigableSet
com.google.common.collect.Synchronized$SynchronizedObject
com.google.common.collect.Synchronized$SynchronizedQueue
com.google.common.collect.Synchronized$SynchronizedRandomAccessList
com.google.common.collect.Synchronized$SynchronizedSet
com.google.common.collect.Synchronized$SynchronizedSetMultimap